08:42:59 **** Incremental Build of configuration Debug for project ex1_2 ****
Info: Internal Builder is used for build
gcc -O0 -g3 -Wall -c -fmessage-length=0 -o main.o "..\\main.c" 
..\main.c: In function 'main':
..\main.c:16:9: warning: call to 'gets' declared with attribute warning: Using gets() is always unsafe - use fgets() instead [-Wattribute-warning]
   16 |         gets(str);
      |         ^~~~~~~~~
gcc -o ex1_2.exe main.o 
Info: Nothing to build for ex1_2
08:43:35 **** Incremental Build of configuration Debug for project ex1_2 ****
Info: Internal Builder is used for build
gcc -O0 -g3 -Wall -c -fmessage-length=0 -o main.o "..\\main.c" 
..\main.c: In function 'main':
..\main.c:10:13: warning: unused variable 'x' [-Wunused-variable]
   10 |         int x=0;
      |             ^
..\main.c:16:9: warning: call to 'gets' declared with attribute warning: Using gets() is always unsafe - use fgets() instead [-Wattribute-warning]
   16 |         gets(str);
      |         ^~~~~~~~~
gcc -o ex1_2.exe main.o 
Info: Nothing to build for ex1_2
Info: Nothing to build for ex1_2
Info: Nothing to build for ex1_2
Info: Nothing to build for ex1_2
